


ARM Macro Assembler    Page 1 


    1 00000000         ;*******************************************************
                       ********************************************************
                       ***************************
    2 00000000         ; 文件名称: startup_SWM320.s
    3 00000000         ; 功能说明: SWM2400单片机的启动文件
    4 00000000         ; 技术支持: http://www.synwit.com.cn/e/tool/gbook/?bid=1
                       
    5 00000000         ; 注意事项:
    6 00000000         ; 版本日期: V1.1.0  2017年10月25日
    7 00000000         ; 升级记录:
    8 00000000         ;
    9 00000000         ;
   10 00000000         ;*******************************************************
                       ********************************************************
                       ***************************
   11 00000000         ; @attention
   12 00000000         ;
   13 00000000         ; THE PRESENT FIRMWARE WHICH IS FOR GUIDANCE ONLY AIMS A
                       T PROVIDING CUSTOMERS WITH CODING INFORMATION
   14 00000000         ; REGARDING THEIR PRODUCTS IN ORDER FOR THEM TO SAVE TIM
                       E. AS A RESULT, SYNWIT SHALL NOT BE HELD LIABLE
   15 00000000         ; FOR ANY DIRECT, INDIRECT OR CONSEQUENTIAL DAMAGES WITH
                        RESPECT TO ANY CLAIMS ARISING FROM THE CONTENT
   16 00000000         ; OF SUCH FIRMWARE AND/OR THE USE MADE BY CUSTOMERS OF T
                       HE CODING INFORMATION CONTAINED HEREIN IN CONN-
   17 00000000         ; -ECTION WITH THEIR PRODUCTS.
   18 00000000         ;
   19 00000000         ; COPYRIGHT 2012 Synwit Technology
   20 00000000         ;*******************************************************
                       ********************************************************
                       ***************************
   21 00000000         
   22 00000000         ; Amount of memory (in bytes) allocated for Stack
   23 00000000         ; Tailor this value to your application needs
   24 00000000         ; <h> Stack Configuration
   25 00000000         ;   <o> Stack Size (in Bytes) <0x0-0xFFFFFFFF:8>
   26 00000000         ; </h>
   27 00000000         
   28 00000000 00000400 
                       Stack_Size
                               EQU              0x00000400
   29 00000000         
   30 00000000                 AREA             STACK, NOINIT, READWRITE, ALIGN
=3
   31 00000000         Stack_Mem
                               SPACE            Stack_Size
   32 00000400         __initial_sp
   33 00000400         
   34 00000400         
   35 00000400         ; <h> Heap Configuration
   36 00000400         ;   <o>  Heap Size (in Bytes) <0x0-0xFFFFFFFF:8>
   37 00000400         ; </h>
   38 00000400         
   39 00000400 00000200 
                       Heap_Size
                               EQU              0x00000200
   40 00000400         
   41 00000400                 AREA             HEAP, NOINIT, READWRITE, ALIGN=
3



ARM Macro Assembler    Page 2 


   42 00000000         __heap_base
   43 00000000         Heap_Mem
                               SPACE            Heap_Size
   44 00000200         __heap_limit
   45 00000200         
   46 00000200                 PRESERVE8
   47 00000200                 THUMB
   48 00000200         
   49 00000200         
   50 00000200         ; Vector Table Mapped to Address 0 at Reset
   51 00000200                 AREA             RESET, DATA, READONLY
   52 00000000                 EXPORT           __Vectors
   53 00000000                 EXPORT           __Vectors_End
   54 00000000                 EXPORT           __Vectors_Size
   55 00000000         
   56 00000000 00000000 
                       __Vectors
                               DCD              __initial_sp ; Top of Stack
   57 00000004 00000000        DCD              Reset_Handler ; Reset Handler
   58 00000008 00000000        DCD              NMI_Handler ; NMI Handler
   59 0000000C 00000000        DCD              HardFault_Handler ; Hard Fault 
                                                            Handler
   60 00000010 00000000        DCD              MemManage_Handler 
                                                            ; MPU Fault Handler
                                                            
   61 00000014 00000000        DCD              BusFault_Handler 
                                                            ; Bus Fault Handler
                                                            
   62 00000018 00000000        DCD              UsageFault_Handler ; Usage Faul
                                                            t Handler
   63 0000001C 00000000        DCD              0           ; Reserved
   64 00000020 00000000        DCD              0           ; Reserved
   65 00000024 00000000        DCD              0           ; Reserved
   66 00000028 00000000        DCD              0           ; Reserved
   67 0000002C 00000000        DCD              SVC_Handler ; SVCall Handler
   68 00000030 00000000        DCD              DebugMon_Handler ; Debug Monito
                                                            r Handler
   69 00000034 00000000        DCD              0           ; Reserved
   70 00000038 00000000        DCD              PendSV_Handler ; PendSV Handler
                                                            
   71 0000003C 00000000        DCD              SysTick_Handler 
                                                            ; SysTick Handler
   72 00000040         
   73 00000040         ; External Interrupts
   74 00000040 00000000        DCD              GPIOA0_Handler
   75 00000044 00000000        DCD              GPIOA1_Handler
   76 00000048 00000000        DCD              GPIOA2_Handler
   77 0000004C 00000000        DCD              GPIOA3_Handler
   78 00000050 00000000        DCD              GPIOA4_Handler
   79 00000054 00000000        DCD              GPIOA5_Handler
   80 00000058 00000000        DCD              GPIOA6_Handler
   81 0000005C 00000000        DCD              GPIOA7_Handler
   82 00000060 00000000        DCD              GPIOB0_Handler
   83 00000064 00000000        DCD              GPIOB1_Handler
   84 00000068 00000000        DCD              GPIOB2_Handler
   85 0000006C 00000000        DCD              GPIOB3_Handler
   86 00000070 00000000        DCD              GPIOB4_Handler
   87 00000074 00000000        DCD              GPIOB5_Handler
   88 00000078 00000000        DCD              GPIOB6_Handler



ARM Macro Assembler    Page 3 


   89 0000007C 00000000        DCD              GPIOB7_Handler
   90 00000080 00000000        DCD              GPIOC0_Handler
   91 00000084 00000000        DCD              GPIOC1_Handler
   92 00000088 00000000        DCD              GPIOC2_Handler
   93 0000008C 00000000        DCD              GPIOC3_Handler
   94 00000090 00000000        DCD              GPIOC4_Handler
   95 00000094 00000000        DCD              GPIOC5_Handler
   96 00000098 00000000        DCD              GPIOC6_Handler
   97 0000009C 00000000        DCD              GPIOC7_Handler
   98 000000A0 00000000        DCD              GPIOM0_Handler
   99 000000A4 00000000        DCD              GPIOM1_Handler
  100 000000A8 00000000        DCD              GPIOM2_Handler
  101 000000AC 00000000        DCD              GPIOM3_Handler
  102 000000B0 00000000        DCD              GPIOM4_Handler
  103 000000B4 00000000        DCD              GPIOM5_Handler
  104 000000B8 00000000        DCD              GPIOM6_Handler
  105 000000BC 00000000        DCD              GPIOM7_Handler
  106 000000C0 00000000        DCD              DMA_Handler
  107 000000C4 00000000        DCD              LCD_Handler
  108 000000C8 00000000        DCD              NORFLC_Handler
  109 000000CC 00000000        DCD              CAN_Handler
  110 000000D0 00000000        DCD              PULSE_Handler
  111 000000D4 00000000        DCD              WDT_Handler
  112 000000D8 00000000        DCD              PWM_Handler
  113 000000DC 00000000        DCD              UART0_Handler
  114 000000E0 00000000        DCD              UART1_Handler
  115 000000E4 00000000        DCD              UART2_Handler
  116 000000E8 00000000        DCD              UART3_Handler
  117 000000EC 00000000        DCD              0
  118 000000F0 00000000        DCD              I2C0_Handler
  119 000000F4 00000000        DCD              I2C1_Handler
  120 000000F8 00000000        DCD              SPI0_Handler
  121 000000FC 00000000        DCD              ADC0_Handler
  122 00000100 00000000        DCD              RTC_Handler
  123 00000104 00000000        DCD              BOD_Handler
  124 00000108 00000000        DCD              SDIO_Handler
  125 0000010C 00000000        DCD              GPIOA_Handler
  126 00000110 00000000        DCD              GPIOB_Handler
  127 00000114 00000000        DCD              GPIOC_Handler
  128 00000118 00000000        DCD              GPIOM_Handler
  129 0000011C 00000000        DCD              GPION_Handler
  130 00000120 00000000        DCD              GPIOP_Handler
  131 00000124 00000000        DCD              ADC1_Handler
  132 00000128 00000000        DCD              FPU_Handler
  133 0000012C 00000000        DCD              SPI1_Handler
  134 00000130 00000000        DCD              TIMR0_Handler
  135 00000134 00000000        DCD              TIMR1_Handler
  136 00000138 00000000        DCD              TIMR2_Handler
  137 0000013C 00000000        DCD              TIMR3_Handler
  138 00000140 00000000        DCD              TIMR4_Handler
  139 00000144 00000000        DCD              TIMR5_Handler
  140 00000148         
  141 00000148         __Vectors_End
  142 00000148         
  143 00000148 00000148 
                       __Vectors_Size
                               EQU              __Vectors_End - __Vectors
  144 00000148         
  145 00000148         



ARM Macro Assembler    Page 4 


  146 00000148         
  147 00000148                 AREA             |.text|, CODE, READONLY
  148 00000000         
  149 00000000         
  150 00000000         Reset_Handler
                               PROC
  151 00000000                 EXPORT           Reset_Handler             [WEAK
]
  152 00000000                 IMPORT           __main
  153 00000000 4825            LDR              R0, =__main
  154 00000002 4700            BX               R0
  155 00000004                 ENDP
  156 00000004         
  157 00000004         ; Dummy Exception Handlers (infinite loops which can be 
                       modified)
  158 00000004         
  159 00000004         NMI_Handler
                               PROC
  160 00000004                 EXPORT           NMI_Handler                [WEA
K]
  161 00000004 E7FE            B                .
  162 00000006                 ENDP
  163 00000006         
  164 00000006         HardFault_Handler
                               PROC
  165 00000006                 EXPORT           HardFault_Handler          [WEA
K]
  166 00000006 E7FE            B                .
  167 00000008                 ENDP
  168 00000008         
  169 00000008         MemManage_Handler
                               PROC
  170 00000008                 EXPORT           MemManage_Handler          [WEA
K]
  171 00000008 E7FE            B                .
  172 0000000A                 ENDP
  173 0000000A         
  174 0000000A         BusFault_Handler
                               PROC
  175 0000000A                 EXPORT           BusFault_Handler           [WEA
K]
  176 0000000A E7FE            B                .
  177 0000000C                 ENDP
  178 0000000C         
  179 0000000C         UsageFault_Handler
                               PROC
  180 0000000C                 EXPORT           UsageFault_Handler         [WEA
K]
  181 0000000C E7FE            B                .
  182 0000000E                 ENDP
  183 0000000E         
  184 0000000E         SVC_Handler
                               PROC
  185 0000000E                 EXPORT           SVC_Handler                [WEA
K]
  186 0000000E E7FE            B                .
  187 00000010                 ENDP
  188 00000010         
  189 00000010         DebugMon_Handler



ARM Macro Assembler    Page 5 


                               PROC
  190 00000010                 EXPORT           DebugMon_Handler           [WEA
K]
  191 00000010 E7FE            B                .
  192 00000012                 ENDP
  193 00000012         
  194 00000012         PendSV_Handler
                               PROC
  195 00000012                 EXPORT           PendSV_Handler             [WEA
K]
  196 00000012 E7FE            B                .
  197 00000014                 ENDP
  198 00000014         
  199 00000014         SysTick_Handler
                               PROC
  200 00000014                 EXPORT           SysTick_Handler            [WEA
K]
  201 00000014 E7FE            B                .
  202 00000016                 ENDP
  203 00000016         
  204 00000016         GPIOA0_Handler
                               PROC
  205 00000016                 EXPORT           GPIOA0_Handler            [WEAK
]
  206 00000016 E7FE            B                .
  207 00000018                 ENDP
  208 00000018         
  209 00000018         GPIOA1_Handler
                               PROC
  210 00000018                 EXPORT           GPIOA1_Handler            [WEAK
]
  211 00000018 E7FE            B                .
  212 0000001A                 ENDP
  213 0000001A         
  214 0000001A         GPIOA2_Handler
                               PROC
  215 0000001A                 EXPORT           GPIOA2_Handler            [WEAK
]
  216 0000001A E7FE            B                .
  217 0000001C                 ENDP
  218 0000001C         
  219 0000001C         GPIOA3_Handler
                               PROC
  220 0000001C                 EXPORT           GPIOA3_Handler            [WEAK
]
  221 0000001C E7FE            B                .
  222 0000001E                 ENDP
  223 0000001E         
  224 0000001E         GPIOA4_Handler
                               PROC
  225 0000001E                 EXPORT           GPIOA4_Handler            [WEAK
]
  226 0000001E E7FE            B                .
  227 00000020                 ENDP
  228 00000020         
  229 00000020         GPIOA5_Handler
                               PROC
  230 00000020                 EXPORT           GPIOA5_Handler            [WEAK
]



ARM Macro Assembler    Page 6 


  231 00000020 E7FE            B                .
  232 00000022                 ENDP
  233 00000022         
  234 00000022         GPIOA6_Handler
                               PROC
  235 00000022                 EXPORT           GPIOA6_Handler            [WEAK
]
  236 00000022 E7FE            B                .
  237 00000024                 ENDP
  238 00000024         
  239 00000024         GPIOA7_Handler
                               PROC
  240 00000024                 EXPORT           GPIOA7_Handler            [WEAK
]
  241 00000024 E7FE            B                .
  242 00000026                 ENDP
  243 00000026         
  244 00000026         GPIOB0_Handler
                               PROC
  245 00000026                 EXPORT           GPIOB0_Handler            [WEAK
]
  246 00000026 E7FE            B                .
  247 00000028                 ENDP
  248 00000028         
  249 00000028         GPIOB1_Handler
                               PROC
  250 00000028                 EXPORT           GPIOB1_Handler            [WEAK
]
  251 00000028 E7FE            B                .
  252 0000002A                 ENDP
  253 0000002A         
  254 0000002A         GPIOB2_Handler
                               PROC
  255 0000002A                 EXPORT           GPIOB2_Handler            [WEAK
]
  256 0000002A E7FE            B                .
  257 0000002C                 ENDP
  258 0000002C         
  259 0000002C         GPIOB3_Handler
                               PROC
  260 0000002C                 EXPORT           GPIOB3_Handler            [WEAK
]
  261 0000002C E7FE            B                .
  262 0000002E                 ENDP
  263 0000002E         
  264 0000002E         GPIOB4_Handler
                               PROC
  265 0000002E                 EXPORT           GPIOB4_Handler            [WEAK
]
  266 0000002E E7FE            B                .
  267 00000030                 ENDP
  268 00000030         
  269 00000030         GPIOB5_Handler
                               PROC
  270 00000030                 EXPORT           GPIOB5_Handler            [WEAK
]
  271 00000030 E7FE            B                .
  272 00000032                 ENDP
  273 00000032         



ARM Macro Assembler    Page 7 


  274 00000032         GPIOB6_Handler
                               PROC
  275 00000032                 EXPORT           GPIOB6_Handler            [WEAK
]
  276 00000032 E7FE            B                .
  277 00000034                 ENDP
  278 00000034         
  279 00000034         GPIOB7_Handler
                               PROC
  280 00000034                 EXPORT           GPIOB7_Handler            [WEAK
]
  281 00000034 E7FE            B                .
  282 00000036                 ENDP
  283 00000036         
  284 00000036         GPIOC0_Handler
                               PROC
  285 00000036                 EXPORT           GPIOC0_Handler            [WEAK
]
  286 00000036 E7FE            B                .
  287 00000038                 ENDP
  288 00000038         
  289 00000038         GPIOC1_Handler
                               PROC
  290 00000038                 EXPORT           GPIOC1_Handler            [WEAK
]
  291 00000038 E7FE            B                .
  292 0000003A                 ENDP
  293 0000003A         
  294 0000003A         GPIOC2_Handler
                               PROC
  295 0000003A                 EXPORT           GPIOC2_Handler            [WEAK
]
  296 0000003A E7FE            B                .
  297 0000003C                 ENDP
  298 0000003C         
  299 0000003C         GPIOC3_Handler
                               PROC
  300 0000003C                 EXPORT           GPIOC3_Handler            [WEAK
]
  301 0000003C E7FE            B                .
  302 0000003E                 ENDP
  303 0000003E         
  304 0000003E         GPIOC4_Handler
                               PROC
  305 0000003E                 EXPORT           GPIOC4_Handler            [WEAK
]
  306 0000003E E7FE            B                .
  307 00000040                 ENDP
  308 00000040         
  309 00000040         GPIOC5_Handler
                               PROC
  310 00000040                 EXPORT           GPIOC5_Handler            [WEAK
]
  311 00000040 E7FE            B                .
  312 00000042                 ENDP
  313 00000042         
  314 00000042         GPIOC6_Handler
                               PROC
  315 00000042                 EXPORT           GPIOC6_Handler            [WEAK



ARM Macro Assembler    Page 8 


]
  316 00000042 E7FE            B                .
  317 00000044                 ENDP
  318 00000044         
  319 00000044         GPIOC7_Handler
                               PROC
  320 00000044                 EXPORT           GPIOC7_Handler            [WEAK
]
  321 00000044 E7FE            B                .
  322 00000046                 ENDP
  323 00000046         
  324 00000046         GPIOM0_Handler
                               PROC
  325 00000046                 EXPORT           GPIOM0_Handler            [WEAK
]
  326 00000046 E7FE            B                .
  327 00000048                 ENDP
  328 00000048         
  329 00000048         GPIOM1_Handler
                               PROC
  330 00000048                 EXPORT           GPIOM1_Handler            [WEAK
]
  331 00000048 E7FE            B                .
  332 0000004A                 ENDP
  333 0000004A         
  334 0000004A         GPIOM2_Handler
                               PROC
  335 0000004A                 EXPORT           GPIOM2_Handler            [WEAK
]
  336 0000004A E7FE            B                .
  337 0000004C                 ENDP
  338 0000004C         
  339 0000004C         GPIOM3_Handler
                               PROC
  340 0000004C                 EXPORT           GPIOM3_Handler            [WEAK
]
  341 0000004C E7FE            B                .
  342 0000004E                 ENDP
  343 0000004E         
  344 0000004E         GPIOM4_Handler
                               PROC
  345 0000004E                 EXPORT           GPIOM4_Handler            [WEAK
]
  346 0000004E E7FE            B                .
  347 00000050                 ENDP
  348 00000050         
  349 00000050         GPIOM5_Handler
                               PROC
  350 00000050                 EXPORT           GPIOM5_Handler            [WEAK
]
  351 00000050 E7FE            B                .
  352 00000052                 ENDP
  353 00000052         
  354 00000052         GPIOM6_Handler
                               PROC
  355 00000052                 EXPORT           GPIOM6_Handler            [WEAK
]
  356 00000052 E7FE            B                .
  357 00000054                 ENDP



ARM Macro Assembler    Page 9 


  358 00000054         
  359 00000054         GPIOM7_Handler
                               PROC
  360 00000054                 EXPORT           GPIOM7_Handler            [WEAK
]
  361 00000054 E7FE            B                .
  362 00000056                 ENDP
  363 00000056         
  364 00000056         DMA_Handler
                               PROC
  365 00000056                 EXPORT           DMA_Handler            [WEAK]
  366 00000056 E7FE            B                .
  367 00000058                 ENDP
  368 00000058         
  369 00000058         LCD_Handler
                               PROC
  370 00000058                 EXPORT           LCD_Handler            [WEAK]
  371 00000058 E7FE            B                .
  372 0000005A                 ENDP
  373 0000005A         
  374 0000005A         NORFLC_Handler
                               PROC
  375 0000005A                 EXPORT           NORFLC_Handler            [WEAK
]
  376 0000005A E7FE            B                .
  377 0000005C                 ENDP
  378 0000005C         
  379 0000005C         CAN_Handler
                               PROC
  380 0000005C                 EXPORT           CAN_Handler            [WEAK]
  381 0000005C E7FE            B                .
  382 0000005E                 ENDP
  383 0000005E         
  384 0000005E         PULSE_Handler
                               PROC
  385 0000005E                 EXPORT           PULSE_Handler          [WEAK]
  386 0000005E E7FE            B                .
  387 00000060                 ENDP
  388 00000060         
  389 00000060         WDT_Handler
                               PROC
  390 00000060                 EXPORT           WDT_Handler            [WEAK]
  391 00000060 E7FE            B                .
  392 00000062                 ENDP
  393 00000062         
  394 00000062         PWM_Handler
                               PROC
  395 00000062                 EXPORT           PWM_Handler            [WEAK]
  396 00000062 E7FE            B                .
  397 00000064                 ENDP
  398 00000064         
  399 00000064         UART0_Handler
                               PROC
  400 00000064                 EXPORT           UART0_Handler            [WEAK]
  401 00000064 E7FE            B                .
  402 00000066                 ENDP
  403 00000066         
  404 00000066         UART1_Handler
                               PROC



ARM Macro Assembler    Page 10 


  405 00000066                 EXPORT           UART1_Handler            [WEAK]
  406 00000066 E7FE            B                .
  407 00000068                 ENDP
  408 00000068         
  409 00000068         UART2_Handler
                               PROC
  410 00000068                 EXPORT           UART2_Handler            [WEAK]
  411 00000068 E7FE            B                .
  412 0000006A                 ENDP
  413 0000006A         
  414 0000006A         UART3_Handler
                               PROC
  415 0000006A                 EXPORT           UART3_Handler            [WEAK]
  416 0000006A E7FE            B                .
  417 0000006C                 ENDP
  418 0000006C         
  419 0000006C         I2C0_Handler
                               PROC
  420 0000006C                 EXPORT           I2C0_Handler            [WEAK]
  421 0000006C E7FE            B                .
  422 0000006E                 ENDP
  423 0000006E         
  424 0000006E         I2C1_Handler
                               PROC
  425 0000006E                 EXPORT           I2C1_Handler            [WEAK]
  426 0000006E E7FE            B                .
  427 00000070                 ENDP
  428 00000070         
  429 00000070         SPI0_Handler
                               PROC
  430 00000070                 EXPORT           SPI0_Handler            [WEAK]
  431 00000070 E7FE            B                .
  432 00000072                 ENDP
  433 00000072         
  434 00000072         ADC0_Handler
                               PROC
  435 00000072                 EXPORT           ADC0_Handler            [WEAK]
  436 00000072 E7FE            B                .
  437 00000074                 ENDP
  438 00000074         
  439 00000074         RTC_Handler
                               PROC
  440 00000074                 EXPORT           RTC_Handler            [WEAK]
  441 00000074 E7FE            B                .
  442 00000076                 ENDP
  443 00000076         
  444 00000076         BOD_Handler
                               PROC
  445 00000076                 EXPORT           BOD_Handler            [WEAK]
  446 00000076 E7FE            B                .
  447 00000078                 ENDP
  448 00000078         
  449 00000078         SDIO_Handler
                               PROC
  450 00000078                 EXPORT           SDIO_Handler            [WEAK]
  451 00000078 E7FE            B                .
  452 0000007A                 ENDP
  453 0000007A         
  454 0000007A         GPIOA_Handler



ARM Macro Assembler    Page 11 


                               PROC
  455 0000007A                 EXPORT           GPIOA_Handler            [WEAK]
  456 0000007A E7FE            B                .
  457 0000007C                 ENDP
  458 0000007C         
  459 0000007C         GPIOB_Handler
                               PROC
  460 0000007C                 EXPORT           GPIOB_Handler            [WEAK]
  461 0000007C E7FE            B                .
  462 0000007E                 ENDP
  463 0000007E         
  464 0000007E         GPIOC_Handler
                               PROC
  465 0000007E                 EXPORT           GPIOC_Handler            [WEAK]
  466 0000007E E7FE            B                .
  467 00000080                 ENDP
  468 00000080         
  469 00000080         GPIOM_Handler
                               PROC
  470 00000080                 EXPORT           GPIOM_Handler            [WEAK]
  471 00000080 E7FE            B                .
  472 00000082                 ENDP
  473 00000082         
  474 00000082         GPION_Handler
                               PROC
  475 00000082                 EXPORT           GPION_Handler            [WEAK]
  476 00000082 E7FE            B                .
  477 00000084                 ENDP
  478 00000084         
  479 00000084         GPIOP_Handler
                               PROC
  480 00000084                 EXPORT           GPIOP_Handler            [WEAK]
  481 00000084 E7FE            B                .
  482 00000086                 ENDP
  483 00000086         
  484 00000086         ADC1_Handler
                               PROC
  485 00000086                 EXPORT           ADC1_Handler            [WEAK]
  486 00000086 E7FE            B                .
  487 00000088                 ENDP
  488 00000088         
  489 00000088         FPU_Handler
                               PROC
  490 00000088                 EXPORT           FPU_Handler            [WEAK]
  491 00000088 E7FE            B                .
  492 0000008A                 ENDP
  493 0000008A         
  494 0000008A         SPI1_Handler
                               PROC
  495 0000008A                 EXPORT           SPI1_Handler            [WEAK]
  496 0000008A E7FE            B                .
  497 0000008C                 ENDP
  498 0000008C         
  499 0000008C         TIMR0_Handler
                               PROC
  500 0000008C                 EXPORT           TIMR0_Handler           [WEAK]
  501 0000008C E7FE            B                .
  502 0000008E                 ENDP
  503 0000008E         



ARM Macro Assembler    Page 12 


  504 0000008E         TIMR1_Handler
                               PROC
  505 0000008E                 EXPORT           TIMR1_Handler           [WEAK]
  506 0000008E E7FE            B                .
  507 00000090                 ENDP
  508 00000090         
  509 00000090         TIMR2_Handler
                               PROC
  510 00000090                 EXPORT           TIMR2_Handler           [WEAK]
  511 00000090 E7FE            B                .
  512 00000092                 ENDP
  513 00000092         
  514 00000092         TIMR3_Handler
                               PROC
  515 00000092                 EXPORT           TIMR3_Handler           [WEAK]
  516 00000092 E7FE            B                .
  517 00000094                 ENDP
  518 00000094         
  519 00000094         TIMR4_Handler
                               PROC
  520 00000094                 EXPORT           TIMR4_Handler           [WEAK]
  521 00000094 E7FE            B                .
  522 00000096                 ENDP
  523 00000096         
  524 00000096         TIMR5_Handler
                               PROC
  525 00000096                 EXPORT           TIMR5_Handler           [WEAK]
  526 00000096 E7FE            B                .
  527 00000098                 ENDP
  528 00000098         
  529 00000098                 ALIGN
  530 00000098         
  531 00000098         
  532 00000098         ;*******************************************************
                       ************************
  533 00000098         ; User Stack and Heap initialization
  534 00000098         ;*******************************************************
                       ************************
  535 00000098                 IF               :DEF:__MICROLIB
  536 00000098         
  537 00000098                 EXPORT           __initial_sp
  538 00000098                 EXPORT           __heap_base
  539 00000098                 EXPORT           __heap_limit
  540 00000098         
  541 00000098                 ELSE
  556                          ENDIF
  557 00000098         
  558 00000098                 END
              00000000 
Command Line: --debug --xref --diag_suppress=9931 --cpu=Cortex-M4 --apcs=interw
ork --depend=.\out\startup_swm320.d -o.\out\startup_swm320.o -II:\git\PineconeP
i_ONE\Library\SDIO\SimplSDIO\RTE -IE:\MDK5\Synwit\SWM32_DFP\1.8.5\CSL\SWM320\CM
SIS\DeviceSupport -IE:\MDK5\ARM\CMSIS\Include --predefine="__MICROLIB SETA 1" -
-predefine="__UVISION_VERSION SETA 514" --list=.\out\startup_swm320.lst ..\..\S
WM320_StdPeriph_Driver\CSL\CMSIS\DeviceSupport\startup\arm\startup_SWM320.s



ARM Macro Assembler    Page 1 Alphabetic symbol ordering
Relocatable symbols

STACK 00000000

Symbol: STACK
   Definitions
      At line 30 in file ..\..\SWM320_StdPeriph_Driver\CSL\CMSIS\DeviceSupport\
startup\arm\startup_SWM320.s
   Uses
      None
Comment: STACK unused
Stack_Mem 00000000

Symbol: Stack_Mem
   Definitions
      At line 31 in file ..\..\SWM320_StdPeriph_Driver\CSL\CMSIS\DeviceSupport\
startup\arm\startup_SWM320.s
   Uses
      None
Comment: Stack_Mem unused
__initial_sp 00000400

Symbol: __initial_sp
   Definitions
      At line 32 in file ..\..\SWM320_StdPeriph_Driver\CSL\CMSIS\DeviceSupport\
startup\arm\startup_SWM320.s
   Uses
      At line 56 in file ..\..\SWM320_StdPeriph_Driver\CSL\CMSIS\DeviceSupport\
startup\arm\startup_SWM320.s
      At line 537 in file ..\..\SWM320_StdPeriph_Driver\CSL\CMSIS\DeviceSupport
\startup\arm\startup_SWM320.s

3 symbols



ARM Macro Assembler    Page 1 Alphabetic symbol ordering
Relocatable symbols

HEAP 00000000

Symbol: HEAP
   Definitions
      At line 41 in file ..\..\SWM320_StdPeriph_Driver\CSL\CMSIS\DeviceSupport\
startup\arm\startup_SWM320.s
   Uses
      None
Comment: HEAP unused
Heap_Mem 00000000

Symbol: Heap_Mem
   Definitions
      At line 43 in file ..\..\SWM320_StdPeriph_Driver\CSL\CMSIS\DeviceSupport\
startup\arm\startup_SWM320.s
   Uses
      None
Comment: Heap_Mem unused
__heap_base 00000000

Symbol: __heap_base
   Definitions
      At line 42 in file ..\..\SWM320_StdPeriph_Driver\CSL\CMSIS\DeviceSupport\
startup\arm\startup_SWM320.s
   Uses
      At line 538 in file ..\..\SWM320_StdPeriph_Driver\CSL\CMSIS\DeviceSupport
\startup\arm\startup_SWM320.s
Comment: __heap_base used once
__heap_limit 00000200

Symbol: __heap_limit
   Definitions
      At line 44 in file ..\..\SWM320_StdPeriph_Driver\CSL\CMSIS\DeviceSupport\
startup\arm\startup_SWM320.s
   Uses
      At line 539 in file ..\..\SWM320_StdPeriph_Driver\CSL\CMSIS\DeviceSupport
\startup\arm\startup_SWM320.s
Comment: __heap_limit used once
4 symbols



ARM Macro Assembler    Page 1 Alphabetic symbol ordering
Relocatable symbols

RESET 00000000

Symbol: RESET
   Definitions
      At line 51 in file ..\..\SWM320_StdPeriph_Driver\CSL\CMSIS\DeviceSupport\
startup\arm\startup_SWM320.s
   Uses
      None
Comment: RESET unused
__Vectors 00000000

Symbol: __Vectors
   Definitions
      At line 56 in file ..\..\SWM320_StdPeriph_Driver\CSL\CMSIS\DeviceSupport\
startup\arm\startup_SWM320.s
   Uses
      At line 52 in file ..\..\SWM320_StdPeriph_Driver\CSL\CMSIS\DeviceSupport\
startup\arm\startup_SWM320.s
      At line 143 in file ..\..\SWM320_StdPeriph_Driver\CSL\CMSIS\DeviceSupport
\startup\arm\startup_SWM320.s

__Vectors_End 00000148

Symbol: __Vectors_End
   Definitions
      At line 141 in file ..\..\SWM320_StdPeriph_Driver\CSL\CMSIS\DeviceSupport
\startup\arm\startup_SWM320.s
   Uses
      At line 53 in file ..\..\SWM320_StdPeriph_Driver\CSL\CMSIS\DeviceSupport\
startup\arm\startup_SWM320.s
      At line 143 in file ..\..\SWM320_StdPeriph_Driver\CSL\CMSIS\DeviceSupport
\startup\arm\startup_SWM320.s

3 symbols



ARM Macro Assembler    Page 1 Alphabetic symbol ordering
Relocatable symbols

.text 00000000

Symbol: .text
   Definitions
      At line 147 in file ..\..\SWM320_StdPeriph_Driver\CSL\CMSIS\DeviceSupport
\startup\arm\startup_SWM320.s
   Uses
      None
Comment: .text unused
ADC0_Handler 00000072

Symbol: ADC0_Handler
   Definitions
      At line 434 in file ..\..\SWM320_StdPeriph_Driver\CSL\CMSIS\DeviceSupport
\startup\arm\startup_SWM320.s
   Uses
      At line 121 in file ..\..\SWM320_StdPeriph_Driver\CSL\CMSIS\DeviceSupport
\startup\arm\startup_SWM320.s
      At line 435 in file ..\..\SWM320_StdPeriph_Driver\CSL\CMSIS\DeviceSupport
\startup\arm\startup_SWM320.s

ADC1_Handler 00000086

Symbol: ADC1_Handler
   Definitions
      At line 484 in file ..\..\SWM320_StdPeriph_Driver\CSL\CMSIS\DeviceSupport
\startup\arm\startup_SWM320.s
   Uses
      At line 131 in file ..\..\SWM320_StdPeriph_Driver\CSL\CMSIS\DeviceSupport
\startup\arm\startup_SWM320.s
      At line 485 in file ..\..\SWM320_StdPeriph_Driver\CSL\CMSIS\DeviceSupport
\startup\arm\startup_SWM320.s

BOD_Handler 00000076

Symbol: BOD_Handler
   Definitions
      At line 444 in file ..\..\SWM320_StdPeriph_Driver\CSL\CMSIS\DeviceSupport
\startup\arm\startup_SWM320.s
   Uses
      At line 123 in file ..\..\SWM320_StdPeriph_Driver\CSL\CMSIS\DeviceSupport
\startup\arm\startup_SWM320.s
      At line 445 in file ..\..\SWM320_StdPeriph_Driver\CSL\CMSIS\DeviceSupport
\startup\arm\startup_SWM320.s

BusFault_Handler 0000000A

Symbol: BusFault_Handler
   Definitions
      At line 174 in file ..\..\SWM320_StdPeriph_Driver\CSL\CMSIS\DeviceSupport
\startup\arm\startup_SWM320.s
   Uses
      At line 61 in file ..\..\SWM320_StdPeriph_Driver\CSL\CMSIS\DeviceSupport\
startup\arm\startup_SWM320.s
      At line 175 in file ..\..\SWM320_StdPeriph_Driver\CSL\CMSIS\DeviceSupport
\startup\arm\startup_SWM320.s

CAN_Handler 0000005C




ARM Macro Assembler    Page 2 Alphabetic symbol ordering
Relocatable symbols

Symbol: CAN_Handler
   Definitions
      At line 379 in file ..\..\SWM320_StdPeriph_Driver\CSL\CMSIS\DeviceSupport
\startup\arm\startup_SWM320.s
   Uses
      At line 109 in file ..\..\SWM320_StdPeriph_Driver\CSL\CMSIS\DeviceSupport
\startup\arm\startup_SWM320.s
      At line 380 in file ..\..\SWM320_StdPeriph_Driver\CSL\CMSIS\DeviceSupport
\startup\arm\startup_SWM320.s

DMA_Handler 00000056

Symbol: DMA_Handler
   Definitions
      At line 364 in file ..\..\SWM320_StdPeriph_Driver\CSL\CMSIS\DeviceSupport
\startup\arm\startup_SWM320.s
   Uses
      At line 106 in file ..\..\SWM320_StdPeriph_Driver\CSL\CMSIS\DeviceSupport
\startup\arm\startup_SWM320.s
      At line 365 in file ..\..\SWM320_StdPeriph_Driver\CSL\CMSIS\DeviceSupport
\startup\arm\startup_SWM320.s

DebugMon_Handler 00000010

Symbol: DebugMon_Handler
   Definitions
      At line 189 in file ..\..\SWM320_StdPeriph_Driver\CSL\CMSIS\DeviceSupport
\startup\arm\startup_SWM320.s
   Uses
      At line 68 in file ..\..\SWM320_StdPeriph_Driver\CSL\CMSIS\DeviceSupport\
startup\arm\startup_SWM320.s
      At line 190 in file ..\..\SWM320_StdPeriph_Driver\CSL\CMSIS\DeviceSupport
\startup\arm\startup_SWM320.s

FPU_Handler 00000088

Symbol: FPU_Handler
   Definitions
      At line 489 in file ..\..\SWM320_StdPeriph_Driver\CSL\CMSIS\DeviceSupport
\startup\arm\startup_SWM320.s
   Uses
      At line 132 in file ..\..\SWM320_StdPeriph_Driver\CSL\CMSIS\DeviceSupport
\startup\arm\startup_SWM320.s
      At line 490 in file ..\..\SWM320_StdPeriph_Driver\CSL\CMSIS\DeviceSupport
\startup\arm\startup_SWM320.s

GPIOA0_Handler 00000016

Symbol: GPIOA0_Handler
   Definitions
      At line 204 in file ..\..\SWM320_StdPeriph_Driver\CSL\CMSIS\DeviceSupport
\startup\arm\startup_SWM320.s
   Uses
      At line 74 in file ..\..\SWM320_StdPeriph_Driver\CSL\CMSIS\DeviceSupport\
startup\arm\startup_SWM320.s
      At line 205 in file ..\..\SWM320_StdPeriph_Driver\CSL\CMSIS\DeviceSupport
\startup\arm\startup_SWM320.s

GPIOA1_Handler 00000018



ARM Macro Assembler    Page 3 Alphabetic symbol ordering
Relocatable symbols


Symbol: GPIOA1_Handler
   Definitions
      At line 209 in file ..\..\SWM320_StdPeriph_Driver\CSL\CMSIS\DeviceSupport
\startup\arm\startup_SWM320.s
   Uses
      At line 75 in file ..\..\SWM320_StdPeriph_Driver\CSL\CMSIS\DeviceSupport\
startup\arm\startup_SWM320.s
      At line 210 in file ..\..\SWM320_StdPeriph_Driver\CSL\CMSIS\DeviceSupport
\startup\arm\startup_SWM320.s

GPIOA2_Handler 0000001A

Symbol: GPIOA2_Handler
   Definitions
      At line 214 in file ..\..\SWM320_StdPeriph_Driver\CSL\CMSIS\DeviceSupport
\startup\arm\startup_SWM320.s
   Uses
      At line 76 in file ..\..\SWM320_StdPeriph_Driver\CSL\CMSIS\DeviceSupport\
startup\arm\startup_SWM320.s
      At line 215 in file ..\..\SWM320_StdPeriph_Driver\CSL\CMSIS\DeviceSupport
\startup\arm\startup_SWM320.s

GPIOA3_Handler 0000001C

Symbol: GPIOA3_Handler
   Definitions
      At line 219 in file ..\..\SWM320_StdPeriph_Driver\CSL\CMSIS\DeviceSupport
\startup\arm\startup_SWM320.s
   Uses
      At line 77 in file ..\..\SWM320_StdPeriph_Driver\CSL\CMSIS\DeviceSupport\
startup\arm\startup_SWM320.s
      At line 220 in file ..\..\SWM320_StdPeriph_Driver\CSL\CMSIS\DeviceSupport
\startup\arm\startup_SWM320.s

GPIOA4_Handler 0000001E

Symbol: GPIOA4_Handler
   Definitions
      At line 224 in file ..\..\SWM320_StdPeriph_Driver\CSL\CMSIS\DeviceSupport
\startup\arm\startup_SWM320.s
   Uses
      At line 78 in file ..\..\SWM320_StdPeriph_Driver\CSL\CMSIS\DeviceSupport\
startup\arm\startup_SWM320.s
      At line 225 in file ..\..\SWM320_StdPeriph_Driver\CSL\CMSIS\DeviceSupport
\startup\arm\startup_SWM320.s

GPIOA5_Handler 00000020

Symbol: GPIOA5_Handler
   Definitions
      At line 229 in file ..\..\SWM320_StdPeriph_Driver\CSL\CMSIS\DeviceSupport
\startup\arm\startup_SWM320.s
   Uses
      At line 79 in file ..\..\SWM320_StdPeriph_Driver\CSL\CMSIS\DeviceSupport\
startup\arm\startup_SWM320.s
      At line 230 in file ..\..\SWM320_StdPeriph_Driver\CSL\CMSIS\DeviceSupport
\startup\arm\startup_SWM320.s




ARM Macro Assembler    Page 4 Alphabetic symbol ordering
Relocatable symbols

GPIOA6_Handler 00000022

Symbol: GPIOA6_Handler
   Definitions
      At line 234 in file ..\..\SWM320_StdPeriph_Driver\CSL\CMSIS\DeviceSupport
\startup\arm\startup_SWM320.s
   Uses
      At line 80 in file ..\..\SWM320_StdPeriph_Driver\CSL\CMSIS\DeviceSupport\
startup\arm\startup_SWM320.s
      At line 235 in file ..\..\SWM320_StdPeriph_Driver\CSL\CMSIS\DeviceSupport
\startup\arm\startup_SWM320.s

GPIOA7_Handler 00000024

Symbol: GPIOA7_Handler
   Definitions
      At line 239 in file ..\..\SWM320_StdPeriph_Driver\CSL\CMSIS\DeviceSupport
\startup\arm\startup_SWM320.s
   Uses
      At line 81 in file ..\..\SWM320_StdPeriph_Driver\CSL\CMSIS\DeviceSupport\
startup\arm\startup_SWM320.s
      At line 240 in file ..\..\SWM320_StdPeriph_Driver\CSL\CMSIS\DeviceSupport
\startup\arm\startup_SWM320.s

GPIOA_Handler 0000007A

Symbol: GPIOA_Handler
   Definitions
      At line 454 in file ..\..\SWM320_StdPeriph_Driver\CSL\CMSIS\DeviceSupport
\startup\arm\startup_SWM320.s
   Uses
      At line 125 in file ..\..\SWM320_StdPeriph_Driver\CSL\CMSIS\DeviceSupport
\startup\arm\startup_SWM320.s
      At line 455 in file ..\..\SWM320_StdPeriph_Driver\CSL\CMSIS\DeviceSupport
\startup\arm\startup_SWM320.s

GPIOB0_Handler 00000026

Symbol: GPIOB0_Handler
   Definitions
      At line 244 in file ..\..\SWM320_StdPeriph_Driver\CSL\CMSIS\DeviceSupport
\startup\arm\startup_SWM320.s
   Uses
      At line 82 in file ..\..\SWM320_StdPeriph_Driver\CSL\CMSIS\DeviceSupport\
startup\arm\startup_SWM320.s
      At line 245 in file ..\..\SWM320_StdPeriph_Driver\CSL\CMSIS\DeviceSupport
\startup\arm\startup_SWM320.s

GPIOB1_Handler 00000028

Symbol: GPIOB1_Handler
   Definitions
      At line 249 in file ..\..\SWM320_StdPeriph_Driver\CSL\CMSIS\DeviceSupport
\startup\arm\startup_SWM320.s
   Uses
      At line 83 in file ..\..\SWM320_StdPeriph_Driver\CSL\CMSIS\DeviceSupport\
startup\arm\startup_SWM320.s
      At line 250 in file ..\..\SWM320_StdPeriph_Driver\CSL\CMSIS\DeviceSupport
\startup\arm\startup_SWM320.s



ARM Macro Assembler    Page 5 Alphabetic symbol ordering
Relocatable symbols


GPIOB2_Handler 0000002A

Symbol: GPIOB2_Handler
   Definitions
      At line 254 in file ..\..\SWM320_StdPeriph_Driver\CSL\CMSIS\DeviceSupport
\startup\arm\startup_SWM320.s
   Uses
      At line 84 in file ..\..\SWM320_StdPeriph_Driver\CSL\CMSIS\DeviceSupport\
startup\arm\startup_SWM320.s
      At line 255 in file ..\..\SWM320_StdPeriph_Driver\CSL\CMSIS\DeviceSupport
\startup\arm\startup_SWM320.s

GPIOB3_Handler 0000002C

Symbol: GPIOB3_Handler
   Definitions
      At line 259 in file ..\..\SWM320_StdPeriph_Driver\CSL\CMSIS\DeviceSupport
\startup\arm\startup_SWM320.s
   Uses
      At line 85 in file ..\..\SWM320_StdPeriph_Driver\CSL\CMSIS\DeviceSupport\
startup\arm\startup_SWM320.s
      At line 260 in file ..\..\SWM320_StdPeriph_Driver\CSL\CMSIS\DeviceSupport
\startup\arm\startup_SWM320.s

GPIOB4_Handler 0000002E

Symbol: GPIOB4_Handler
   Definitions
      At line 264 in file ..\..\SWM320_StdPeriph_Driver\CSL\CMSIS\DeviceSupport
\startup\arm\startup_SWM320.s
   Uses
      At line 86 in file ..\..\SWM320_StdPeriph_Driver\CSL\CMSIS\DeviceSupport\
startup\arm\startup_SWM320.s
      At line 265 in file ..\..\SWM320_StdPeriph_Driver\CSL\CMSIS\DeviceSupport
\startup\arm\startup_SWM320.s

GPIOB5_Handler 00000030

Symbol: GPIOB5_Handler
   Definitions
      At line 269 in file ..\..\SWM320_StdPeriph_Driver\CSL\CMSIS\DeviceSupport
\startup\arm\startup_SWM320.s
   Uses
      At line 87 in file ..\..\SWM320_StdPeriph_Driver\CSL\CMSIS\DeviceSupport\
startup\arm\startup_SWM320.s
      At line 270 in file ..\..\SWM320_StdPeriph_Driver\CSL\CMSIS\DeviceSupport
\startup\arm\startup_SWM320.s

GPIOB6_Handler 00000032

Symbol: GPIOB6_Handler
   Definitions
      At line 274 in file ..\..\SWM320_StdPeriph_Driver\CSL\CMSIS\DeviceSupport
\startup\arm\startup_SWM320.s
   Uses
      At line 88 in file ..\..\SWM320_StdPeriph_Driver\CSL\CMSIS\DeviceSupport\
startup\arm\startup_SWM320.s
      At line 275 in file ..\..\SWM320_StdPeriph_Driver\CSL\CMSIS\DeviceSupport



ARM Macro Assembler    Page 6 Alphabetic symbol ordering
Relocatable symbols

\startup\arm\startup_SWM320.s

GPIOB7_Handler 00000034

Symbol: GPIOB7_Handler
   Definitions
      At line 279 in file ..\..\SWM320_StdPeriph_Driver\CSL\CMSIS\DeviceSupport
\startup\arm\startup_SWM320.s
   Uses
      At line 89 in file ..\..\SWM320_StdPeriph_Driver\CSL\CMSIS\DeviceSupport\
startup\arm\startup_SWM320.s
      At line 280 in file ..\..\SWM320_StdPeriph_Driver\CSL\CMSIS\DeviceSupport
\startup\arm\startup_SWM320.s

GPIOB_Handler 0000007C

Symbol: GPIOB_Handler
   Definitions
      At line 459 in file ..\..\SWM320_StdPeriph_Driver\CSL\CMSIS\DeviceSupport
\startup\arm\startup_SWM320.s
   Uses
      At line 126 in file ..\..\SWM320_StdPeriph_Driver\CSL\CMSIS\DeviceSupport
\startup\arm\startup_SWM320.s
      At line 460 in file ..\..\SWM320_StdPeriph_Driver\CSL\CMSIS\DeviceSupport
\startup\arm\startup_SWM320.s

GPIOC0_Handler 00000036

Symbol: GPIOC0_Handler
   Definitions
      At line 284 in file ..\..\SWM320_StdPeriph_Driver\CSL\CMSIS\DeviceSupport
\startup\arm\startup_SWM320.s
   Uses
      At line 90 in file ..\..\SWM320_StdPeriph_Driver\CSL\CMSIS\DeviceSupport\
startup\arm\startup_SWM320.s
      At line 285 in file ..\..\SWM320_StdPeriph_Driver\CSL\CMSIS\DeviceSupport
\startup\arm\startup_SWM320.s

GPIOC1_Handler 00000038

Symbol: GPIOC1_Handler
   Definitions
      At line 289 in file ..\..\SWM320_StdPeriph_Driver\CSL\CMSIS\DeviceSupport
\startup\arm\startup_SWM320.s
   Uses
      At line 91 in file ..\..\SWM320_StdPeriph_Driver\CSL\CMSIS\DeviceSupport\
startup\arm\startup_SWM320.s
      At line 290 in file ..\..\SWM320_StdPeriph_Driver\CSL\CMSIS\DeviceSupport
\startup\arm\startup_SWM320.s

GPIOC2_Handler 0000003A

Symbol: GPIOC2_Handler
   Definitions
      At line 294 in file ..\..\SWM320_StdPeriph_Driver\CSL\CMSIS\DeviceSupport
\startup\arm\startup_SWM320.s
   Uses
      At line 92 in file ..\..\SWM320_StdPeriph_Driver\CSL\CMSIS\DeviceSupport\
startup\arm\startup_SWM320.s



ARM Macro Assembler    Page 7 Alphabetic symbol ordering
Relocatable symbols

      At line 295 in file ..\..\SWM320_StdPeriph_Driver\CSL\CMSIS\DeviceSupport
\startup\arm\startup_SWM320.s

GPIOC3_Handler 0000003C

Symbol: GPIOC3_Handler
   Definitions
      At line 299 in file ..\..\SWM320_StdPeriph_Driver\CSL\CMSIS\DeviceSupport
\startup\arm\startup_SWM320.s
   Uses
      At line 93 in file ..\..\SWM320_StdPeriph_Driver\CSL\CMSIS\DeviceSupport\
startup\arm\startup_SWM320.s
      At line 300 in file ..\..\SWM320_StdPeriph_Driver\CSL\CMSIS\DeviceSupport
\startup\arm\startup_SWM320.s

GPIOC4_Handler 0000003E

Symbol: GPIOC4_Handler
   Definitions
      At line 304 in file ..\..\SWM320_StdPeriph_Driver\CSL\CMSIS\DeviceSupport
\startup\arm\startup_SWM320.s
   Uses
      At line 94 in file ..\..\SWM320_StdPeriph_Driver\CSL\CMSIS\DeviceSupport\
startup\arm\startup_SWM320.s
      At line 305 in file ..\..\SWM320_StdPeriph_Driver\CSL\CMSIS\DeviceSupport
\startup\arm\startup_SWM320.s

GPIOC5_Handler 00000040

Symbol: GPIOC5_Handler
   Definitions
      At line 309 in file ..\..\SWM320_StdPeriph_Driver\CSL\CMSIS\DeviceSupport
\startup\arm\startup_SWM320.s
   Uses
      At line 95 in file ..\..\SWM320_StdPeriph_Driver\CSL\CMSIS\DeviceSupport\
startup\arm\startup_SWM320.s
      At line 310 in file ..\..\SWM320_StdPeriph_Driver\CSL\CMSIS\DeviceSupport
\startup\arm\startup_SWM320.s

GPIOC6_Handler 00000042

Symbol: GPIOC6_Handler
   Definitions
      At line 314 in file ..\..\SWM320_StdPeriph_Driver\CSL\CMSIS\DeviceSupport
\startup\arm\startup_SWM320.s
   Uses
      At line 96 in file ..\..\SWM320_StdPeriph_Driver\CSL\CMSIS\DeviceSupport\
startup\arm\startup_SWM320.s
      At line 315 in file ..\..\SWM320_StdPeriph_Driver\CSL\CMSIS\DeviceSupport
\startup\arm\startup_SWM320.s

GPIOC7_Handler 00000044

Symbol: GPIOC7_Handler
   Definitions
      At line 319 in file ..\..\SWM320_StdPeriph_Driver\CSL\CMSIS\DeviceSupport
\startup\arm\startup_SWM320.s
   Uses
      At line 97 in file ..\..\SWM320_StdPeriph_Driver\CSL\CMSIS\DeviceSupport\



ARM Macro Assembler    Page 8 Alphabetic symbol ordering
Relocatable symbols

startup\arm\startup_SWM320.s
      At line 320 in file ..\..\SWM320_StdPeriph_Driver\CSL\CMSIS\DeviceSupport
\startup\arm\startup_SWM320.s

GPIOC_Handler 0000007E

Symbol: GPIOC_Handler
   Definitions
      At line 464 in file ..\..\SWM320_StdPeriph_Driver\CSL\CMSIS\DeviceSupport
\startup\arm\startup_SWM320.s
   Uses
      At line 127 in file ..\..\SWM320_StdPeriph_Driver\CSL\CMSIS\DeviceSupport
\startup\arm\startup_SWM320.s
      At line 465 in file ..\..\SWM320_StdPeriph_Driver\CSL\CMSIS\DeviceSupport
\startup\arm\startup_SWM320.s

GPIOM0_Handler 00000046

Symbol: GPIOM0_Handler
   Definitions
      At line 324 in file ..\..\SWM320_StdPeriph_Driver\CSL\CMSIS\DeviceSupport
\startup\arm\startup_SWM320.s
   Uses
      At line 98 in file ..\..\SWM320_StdPeriph_Driver\CSL\CMSIS\DeviceSupport\
startup\arm\startup_SWM320.s
      At line 325 in file ..\..\SWM320_StdPeriph_Driver\CSL\CMSIS\DeviceSupport
\startup\arm\startup_SWM320.s

GPIOM1_Handler 00000048

Symbol: GPIOM1_Handler
   Definitions
      At line 329 in file ..\..\SWM320_StdPeriph_Driver\CSL\CMSIS\DeviceSupport
\startup\arm\startup_SWM320.s
   Uses
      At line 99 in file ..\..\SWM320_StdPeriph_Driver\CSL\CMSIS\DeviceSupport\
startup\arm\startup_SWM320.s
      At line 330 in file ..\..\SWM320_StdPeriph_Driver\CSL\CMSIS\DeviceSupport
\startup\arm\startup_SWM320.s

GPIOM2_Handler 0000004A

Symbol: GPIOM2_Handler
   Definitions
      At line 334 in file ..\..\SWM320_StdPeriph_Driver\CSL\CMSIS\DeviceSupport
\startup\arm\startup_SWM320.s
   Uses
      At line 100 in file ..\..\SWM320_StdPeriph_Driver\CSL\CMSIS\DeviceSupport
\startup\arm\startup_SWM320.s
      At line 335 in file ..\..\SWM320_StdPeriph_Driver\CSL\CMSIS\DeviceSupport
\startup\arm\startup_SWM320.s

GPIOM3_Handler 0000004C

Symbol: GPIOM3_Handler
   Definitions
      At line 339 in file ..\..\SWM320_StdPeriph_Driver\CSL\CMSIS\DeviceSupport
\startup\arm\startup_SWM320.s
   Uses



ARM Macro Assembler    Page 9 Alphabetic symbol ordering
Relocatable symbols

      At line 101 in file ..\..\SWM320_StdPeriph_Driver\CSL\CMSIS\DeviceSupport
\startup\arm\startup_SWM320.s
      At line 340 in file ..\..\SWM320_StdPeriph_Driver\CSL\CMSIS\DeviceSupport
\startup\arm\startup_SWM320.s

GPIOM4_Handler 0000004E

Symbol: GPIOM4_Handler
   Definitions
      At line 344 in file ..\..\SWM320_StdPeriph_Driver\CSL\CMSIS\DeviceSupport
\startup\arm\startup_SWM320.s
   Uses
      At line 102 in file ..\..\SWM320_StdPeriph_Driver\CSL\CMSIS\DeviceSupport
\startup\arm\startup_SWM320.s
      At line 345 in file ..\..\SWM320_StdPeriph_Driver\CSL\CMSIS\DeviceSupport
\startup\arm\startup_SWM320.s

GPIOM5_Handler 00000050

Symbol: GPIOM5_Handler
   Definitions
      At line 349 in file ..\..\SWM320_StdPeriph_Driver\CSL\CMSIS\DeviceSupport
\startup\arm\startup_SWM320.s
   Uses
      At line 103 in file ..\..\SWM320_StdPeriph_Driver\CSL\CMSIS\DeviceSupport
\startup\arm\startup_SWM320.s
      At line 350 in file ..\..\SWM320_StdPeriph_Driver\CSL\CMSIS\DeviceSupport
\startup\arm\startup_SWM320.s

GPIOM6_Handler 00000052

Symbol: GPIOM6_Handler
   Definitions
      At line 354 in file ..\..\SWM320_StdPeriph_Driver\CSL\CMSIS\DeviceSupport
\startup\arm\startup_SWM320.s
   Uses
      At line 104 in file ..\..\SWM320_StdPeriph_Driver\CSL\CMSIS\DeviceSupport
\startup\arm\startup_SWM320.s
      At line 355 in file ..\..\SWM320_StdPeriph_Driver\CSL\CMSIS\DeviceSupport
\startup\arm\startup_SWM320.s

GPIOM7_Handler 00000054

Symbol: GPIOM7_Handler
   Definitions
      At line 359 in file ..\..\SWM320_StdPeriph_Driver\CSL\CMSIS\DeviceSupport
\startup\arm\startup_SWM320.s
   Uses
      At line 105 in file ..\..\SWM320_StdPeriph_Driver\CSL\CMSIS\DeviceSupport
\startup\arm\startup_SWM320.s
      At line 360 in file ..\..\SWM320_StdPeriph_Driver\CSL\CMSIS\DeviceSupport
\startup\arm\startup_SWM320.s

GPIOM_Handler 00000080

Symbol: GPIOM_Handler
   Definitions
      At line 469 in file ..\..\SWM320_StdPeriph_Driver\CSL\CMSIS\DeviceSupport
\startup\arm\startup_SWM320.s



ARM Macro Assembler    Page 10 Alphabetic symbol ordering
Relocatable symbols

   Uses
      At line 128 in file ..\..\SWM320_StdPeriph_Driver\CSL\CMSIS\DeviceSupport
\startup\arm\startup_SWM320.s
      At line 470 in file ..\..\SWM320_StdPeriph_Driver\CSL\CMSIS\DeviceSupport
\startup\arm\startup_SWM320.s

GPION_Handler 00000082

Symbol: GPION_Handler
   Definitions
      At line 474 in file ..\..\SWM320_StdPeriph_Driver\CSL\CMSIS\DeviceSupport
\startup\arm\startup_SWM320.s
   Uses
      At line 129 in file ..\..\SWM320_StdPeriph_Driver\CSL\CMSIS\DeviceSupport
\startup\arm\startup_SWM320.s
      At line 475 in file ..\..\SWM320_StdPeriph_Driver\CSL\CMSIS\DeviceSupport
\startup\arm\startup_SWM320.s

GPIOP_Handler 00000084

Symbol: GPIOP_Handler
   Definitions
      At line 479 in file ..\..\SWM320_StdPeriph_Driver\CSL\CMSIS\DeviceSupport
\startup\arm\startup_SWM320.s
   Uses
      At line 130 in file ..\..\SWM320_StdPeriph_Driver\CSL\CMSIS\DeviceSupport
\startup\arm\startup_SWM320.s
      At line 480 in file ..\..\SWM320_StdPeriph_Driver\CSL\CMSIS\DeviceSupport
\startup\arm\startup_SWM320.s

HardFault_Handler 00000006

Symbol: HardFault_Handler
   Definitions
      At line 164 in file ..\..\SWM320_StdPeriph_Driver\CSL\CMSIS\DeviceSupport
\startup\arm\startup_SWM320.s
   Uses
      At line 59 in file ..\..\SWM320_StdPeriph_Driver\CSL\CMSIS\DeviceSupport\
startup\arm\startup_SWM320.s
      At line 165 in file ..\..\SWM320_StdPeriph_Driver\CSL\CMSIS\DeviceSupport
\startup\arm\startup_SWM320.s

I2C0_Handler 0000006C

Symbol: I2C0_Handler
   Definitions
      At line 419 in file ..\..\SWM320_StdPeriph_Driver\CSL\CMSIS\DeviceSupport
\startup\arm\startup_SWM320.s
   Uses
      At line 118 in file ..\..\SWM320_StdPeriph_Driver\CSL\CMSIS\DeviceSupport
\startup\arm\startup_SWM320.s
      At line 420 in file ..\..\SWM320_StdPeriph_Driver\CSL\CMSIS\DeviceSupport
\startup\arm\startup_SWM320.s

I2C1_Handler 0000006E

Symbol: I2C1_Handler
   Definitions
      At line 424 in file ..\..\SWM320_StdPeriph_Driver\CSL\CMSIS\DeviceSupport



ARM Macro Assembler    Page 11 Alphabetic symbol ordering
Relocatable symbols

\startup\arm\startup_SWM320.s
   Uses
      At line 119 in file ..\..\SWM320_StdPeriph_Driver\CSL\CMSIS\DeviceSupport
\startup\arm\startup_SWM320.s
      At line 425 in file ..\..\SWM320_StdPeriph_Driver\CSL\CMSIS\DeviceSupport
\startup\arm\startup_SWM320.s

LCD_Handler 00000058

Symbol: LCD_Handler
   Definitions
      At line 369 in file ..\..\SWM320_StdPeriph_Driver\CSL\CMSIS\DeviceSupport
\startup\arm\startup_SWM320.s
   Uses
      At line 107 in file ..\..\SWM320_StdPeriph_Driver\CSL\CMSIS\DeviceSupport
\startup\arm\startup_SWM320.s
      At line 370 in file ..\..\SWM320_StdPeriph_Driver\CSL\CMSIS\DeviceSupport
\startup\arm\startup_SWM320.s

MemManage_Handler 00000008

Symbol: MemManage_Handler
   Definitions
      At line 169 in file ..\..\SWM320_StdPeriph_Driver\CSL\CMSIS\DeviceSupport
\startup\arm\startup_SWM320.s
   Uses
      At line 60 in file ..\..\SWM320_StdPeriph_Driver\CSL\CMSIS\DeviceSupport\
startup\arm\startup_SWM320.s
      At line 170 in file ..\..\SWM320_StdPeriph_Driver\CSL\CMSIS\DeviceSupport
\startup\arm\startup_SWM320.s

NMI_Handler 00000004

Symbol: NMI_Handler
   Definitions
      At line 159 in file ..\..\SWM320_StdPeriph_Driver\CSL\CMSIS\DeviceSupport
\startup\arm\startup_SWM320.s
   Uses
      At line 58 in file ..\..\SWM320_StdPeriph_Driver\CSL\CMSIS\DeviceSupport\
startup\arm\startup_SWM320.s
      At line 160 in file ..\..\SWM320_StdPeriph_Driver\CSL\CMSIS\DeviceSupport
\startup\arm\startup_SWM320.s

NORFLC_Handler 0000005A

Symbol: NORFLC_Handler
   Definitions
      At line 374 in file ..\..\SWM320_StdPeriph_Driver\CSL\CMSIS\DeviceSupport
\startup\arm\startup_SWM320.s
   Uses
      At line 108 in file ..\..\SWM320_StdPeriph_Driver\CSL\CMSIS\DeviceSupport
\startup\arm\startup_SWM320.s
      At line 375 in file ..\..\SWM320_StdPeriph_Driver\CSL\CMSIS\DeviceSupport
\startup\arm\startup_SWM320.s

PULSE_Handler 0000005E

Symbol: PULSE_Handler
   Definitions



ARM Macro Assembler    Page 12 Alphabetic symbol ordering
Relocatable symbols

      At line 384 in file ..\..\SWM320_StdPeriph_Driver\CSL\CMSIS\DeviceSupport
\startup\arm\startup_SWM320.s
   Uses
      At line 110 in file ..\..\SWM320_StdPeriph_Driver\CSL\CMSIS\DeviceSupport
\startup\arm\startup_SWM320.s
      At line 385 in file ..\..\SWM320_StdPeriph_Driver\CSL\CMSIS\DeviceSupport
\startup\arm\startup_SWM320.s

PWM_Handler 00000062

Symbol: PWM_Handler
   Definitions
      At line 394 in file ..\..\SWM320_StdPeriph_Driver\CSL\CMSIS\DeviceSupport
\startup\arm\startup_SWM320.s
   Uses
      At line 112 in file ..\..\SWM320_StdPeriph_Driver\CSL\CMSIS\DeviceSupport
\startup\arm\startup_SWM320.s
      At line 395 in file ..\..\SWM320_StdPeriph_Driver\CSL\CMSIS\DeviceSupport
\startup\arm\startup_SWM320.s

PendSV_Handler 00000012

Symbol: PendSV_Handler
   Definitions
      At line 194 in file ..\..\SWM320_StdPeriph_Driver\CSL\CMSIS\DeviceSupport
\startup\arm\startup_SWM320.s
   Uses
      At line 70 in file ..\..\SWM320_StdPeriph_Driver\CSL\CMSIS\DeviceSupport\
startup\arm\startup_SWM320.s
      At line 195 in file ..\..\SWM320_StdPeriph_Driver\CSL\CMSIS\DeviceSupport
\startup\arm\startup_SWM320.s

RTC_Handler 00000074

Symbol: RTC_Handler
   Definitions
      At line 439 in file ..\..\SWM320_StdPeriph_Driver\CSL\CMSIS\DeviceSupport
\startup\arm\startup_SWM320.s
   Uses
      At line 122 in file ..\..\SWM320_StdPeriph_Driver\CSL\CMSIS\DeviceSupport
\startup\arm\startup_SWM320.s
      At line 440 in file ..\..\SWM320_StdPeriph_Driver\CSL\CMSIS\DeviceSupport
\startup\arm\startup_SWM320.s

Reset_Handler 00000000

Symbol: Reset_Handler
   Definitions
      At line 150 in file ..\..\SWM320_StdPeriph_Driver\CSL\CMSIS\DeviceSupport
\startup\arm\startup_SWM320.s
   Uses
      At line 57 in file ..\..\SWM320_StdPeriph_Driver\CSL\CMSIS\DeviceSupport\
startup\arm\startup_SWM320.s
      At line 151 in file ..\..\SWM320_StdPeriph_Driver\CSL\CMSIS\DeviceSupport
\startup\arm\startup_SWM320.s

SDIO_Handler 00000078

Symbol: SDIO_Handler



ARM Macro Assembler    Page 13 Alphabetic symbol ordering
Relocatable symbols

   Definitions
      At line 449 in file ..\..\SWM320_StdPeriph_Driver\CSL\CMSIS\DeviceSupport
\startup\arm\startup_SWM320.s
   Uses
      At line 124 in file ..\..\SWM320_StdPeriph_Driver\CSL\CMSIS\DeviceSupport
\startup\arm\startup_SWM320.s
      At line 450 in file ..\..\SWM320_StdPeriph_Driver\CSL\CMSIS\DeviceSupport
\startup\arm\startup_SWM320.s

SPI0_Handler 00000070

Symbol: SPI0_Handler
   Definitions
      At line 429 in file ..\..\SWM320_StdPeriph_Driver\CSL\CMSIS\DeviceSupport
\startup\arm\startup_SWM320.s
   Uses
      At line 120 in file ..\..\SWM320_StdPeriph_Driver\CSL\CMSIS\DeviceSupport
\startup\arm\startup_SWM320.s
      At line 430 in file ..\..\SWM320_StdPeriph_Driver\CSL\CMSIS\DeviceSupport
\startup\arm\startup_SWM320.s

SPI1_Handler 0000008A

Symbol: SPI1_Handler
   Definitions
      At line 494 in file ..\..\SWM320_StdPeriph_Driver\CSL\CMSIS\DeviceSupport
\startup\arm\startup_SWM320.s
   Uses
      At line 133 in file ..\..\SWM320_StdPeriph_Driver\CSL\CMSIS\DeviceSupport
\startup\arm\startup_SWM320.s
      At line 495 in file ..\..\SWM320_StdPeriph_Driver\CSL\CMSIS\DeviceSupport
\startup\arm\startup_SWM320.s

SVC_Handler 0000000E

Symbol: SVC_Handler
   Definitions
      At line 184 in file ..\..\SWM320_StdPeriph_Driver\CSL\CMSIS\DeviceSupport
\startup\arm\startup_SWM320.s
   Uses
      At line 67 in file ..\..\SWM320_StdPeriph_Driver\CSL\CMSIS\DeviceSupport\
startup\arm\startup_SWM320.s
      At line 185 in file ..\..\SWM320_StdPeriph_Driver\CSL\CMSIS\DeviceSupport
\startup\arm\startup_SWM320.s

SysTick_Handler 00000014

Symbol: SysTick_Handler
   Definitions
      At line 199 in file ..\..\SWM320_StdPeriph_Driver\CSL\CMSIS\DeviceSupport
\startup\arm\startup_SWM320.s
   Uses
      At line 71 in file ..\..\SWM320_StdPeriph_Driver\CSL\CMSIS\DeviceSupport\
startup\arm\startup_SWM320.s
      At line 200 in file ..\..\SWM320_StdPeriph_Driver\CSL\CMSIS\DeviceSupport
\startup\arm\startup_SWM320.s

TIMR0_Handler 0000008C




ARM Macro Assembler    Page 14 Alphabetic symbol ordering
Relocatable symbols

Symbol: TIMR0_Handler
   Definitions
      At line 499 in file ..\..\SWM320_StdPeriph_Driver\CSL\CMSIS\DeviceSupport
\startup\arm\startup_SWM320.s
   Uses
      At line 134 in file ..\..\SWM320_StdPeriph_Driver\CSL\CMSIS\DeviceSupport
\startup\arm\startup_SWM320.s
      At line 500 in file ..\..\SWM320_StdPeriph_Driver\CSL\CMSIS\DeviceSupport
\startup\arm\startup_SWM320.s

TIMR1_Handler 0000008E

Symbol: TIMR1_Handler
   Definitions
      At line 504 in file ..\..\SWM320_StdPeriph_Driver\CSL\CMSIS\DeviceSupport
\startup\arm\startup_SWM320.s
   Uses
      At line 135 in file ..\..\SWM320_StdPeriph_Driver\CSL\CMSIS\DeviceSupport
\startup\arm\startup_SWM320.s
      At line 505 in file ..\..\SWM320_StdPeriph_Driver\CSL\CMSIS\DeviceSupport
\startup\arm\startup_SWM320.s

TIMR2_Handler 00000090

Symbol: TIMR2_Handler
   Definitions
      At line 509 in file ..\..\SWM320_StdPeriph_Driver\CSL\CMSIS\DeviceSupport
\startup\arm\startup_SWM320.s
   Uses
      At line 136 in file ..\..\SWM320_StdPeriph_Driver\CSL\CMSIS\DeviceSupport
\startup\arm\startup_SWM320.s
      At line 510 in file ..\..\SWM320_StdPeriph_Driver\CSL\CMSIS\DeviceSupport
\startup\arm\startup_SWM320.s

TIMR3_Handler 00000092

Symbol: TIMR3_Handler
   Definitions
      At line 514 in file ..\..\SWM320_StdPeriph_Driver\CSL\CMSIS\DeviceSupport
\startup\arm\startup_SWM320.s
   Uses
      At line 137 in file ..\..\SWM320_StdPeriph_Driver\CSL\CMSIS\DeviceSupport
\startup\arm\startup_SWM320.s
      At line 515 in file ..\..\SWM320_StdPeriph_Driver\CSL\CMSIS\DeviceSupport
\startup\arm\startup_SWM320.s

TIMR4_Handler 00000094

Symbol: TIMR4_Handler
   Definitions
      At line 519 in file ..\..\SWM320_StdPeriph_Driver\CSL\CMSIS\DeviceSupport
\startup\arm\startup_SWM320.s
   Uses
      At line 138 in file ..\..\SWM320_StdPeriph_Driver\CSL\CMSIS\DeviceSupport
\startup\arm\startup_SWM320.s
      At line 520 in file ..\..\SWM320_StdPeriph_Driver\CSL\CMSIS\DeviceSupport
\startup\arm\startup_SWM320.s

TIMR5_Handler 00000096



ARM Macro Assembler    Page 15 Alphabetic symbol ordering
Relocatable symbols


Symbol: TIMR5_Handler
   Definitions
      At line 524 in file ..\..\SWM320_StdPeriph_Driver\CSL\CMSIS\DeviceSupport
\startup\arm\startup_SWM320.s
   Uses
      At line 139 in file ..\..\SWM320_StdPeriph_Driver\CSL\CMSIS\DeviceSupport
\startup\arm\startup_SWM320.s
      At line 525 in file ..\..\SWM320_StdPeriph_Driver\CSL\CMSIS\DeviceSupport
\startup\arm\startup_SWM320.s

UART0_Handler 00000064

Symbol: UART0_Handler
   Definitions
      At line 399 in file ..\..\SWM320_StdPeriph_Driver\CSL\CMSIS\DeviceSupport
\startup\arm\startup_SWM320.s
   Uses
      At line 113 in file ..\..\SWM320_StdPeriph_Driver\CSL\CMSIS\DeviceSupport
\startup\arm\startup_SWM320.s
      At line 400 in file ..\..\SWM320_StdPeriph_Driver\CSL\CMSIS\DeviceSupport
\startup\arm\startup_SWM320.s

UART1_Handler 00000066

Symbol: UART1_Handler
   Definitions
      At line 404 in file ..\..\SWM320_StdPeriph_Driver\CSL\CMSIS\DeviceSupport
\startup\arm\startup_SWM320.s
   Uses
      At line 114 in file ..\..\SWM320_StdPeriph_Driver\CSL\CMSIS\DeviceSupport
\startup\arm\startup_SWM320.s
      At line 405 in file ..\..\SWM320_StdPeriph_Driver\CSL\CMSIS\DeviceSupport
\startup\arm\startup_SWM320.s

UART2_Handler 00000068

Symbol: UART2_Handler
   Definitions
      At line 409 in file ..\..\SWM320_StdPeriph_Driver\CSL\CMSIS\DeviceSupport
\startup\arm\startup_SWM320.s
   Uses
      At line 115 in file ..\..\SWM320_StdPeriph_Driver\CSL\CMSIS\DeviceSupport
\startup\arm\startup_SWM320.s
      At line 410 in file ..\..\SWM320_StdPeriph_Driver\CSL\CMSIS\DeviceSupport
\startup\arm\startup_SWM320.s

UART3_Handler 0000006A

Symbol: UART3_Handler
   Definitions
      At line 414 in file ..\..\SWM320_StdPeriph_Driver\CSL\CMSIS\DeviceSupport
\startup\arm\startup_SWM320.s
   Uses
      At line 116 in file ..\..\SWM320_StdPeriph_Driver\CSL\CMSIS\DeviceSupport
\startup\arm\startup_SWM320.s
      At line 415 in file ..\..\SWM320_StdPeriph_Driver\CSL\CMSIS\DeviceSupport
\startup\arm\startup_SWM320.s




ARM Macro Assembler    Page 16 Alphabetic symbol ordering
Relocatable symbols

UsageFault_Handler 0000000C

Symbol: UsageFault_Handler
   Definitions
      At line 179 in file ..\..\SWM320_StdPeriph_Driver\CSL\CMSIS\DeviceSupport
\startup\arm\startup_SWM320.s
   Uses
      At line 62 in file ..\..\SWM320_StdPeriph_Driver\CSL\CMSIS\DeviceSupport\
startup\arm\startup_SWM320.s
      At line 180 in file ..\..\SWM320_StdPeriph_Driver\CSL\CMSIS\DeviceSupport
\startup\arm\startup_SWM320.s

WDT_Handler 00000060

Symbol: WDT_Handler
   Definitions
      At line 389 in file ..\..\SWM320_StdPeriph_Driver\CSL\CMSIS\DeviceSupport
\startup\arm\startup_SWM320.s
   Uses
      At line 111 in file ..\..\SWM320_StdPeriph_Driver\CSL\CMSIS\DeviceSupport
\startup\arm\startup_SWM320.s
      At line 390 in file ..\..\SWM320_StdPeriph_Driver\CSL\CMSIS\DeviceSupport
\startup\arm\startup_SWM320.s

76 symbols



ARM Macro Assembler    Page 1 Alphabetic symbol ordering
Absolute symbols

Heap_Size 00000200

Symbol: Heap_Size
   Definitions
      At line 39 in file ..\..\SWM320_StdPeriph_Driver\CSL\CMSIS\DeviceSupport\
startup\arm\startup_SWM320.s
   Uses
      At line 43 in file ..\..\SWM320_StdPeriph_Driver\CSL\CMSIS\DeviceSupport\
startup\arm\startup_SWM320.s
Comment: Heap_Size used once
Stack_Size 00000400

Symbol: Stack_Size
   Definitions
      At line 28 in file ..\..\SWM320_StdPeriph_Driver\CSL\CMSIS\DeviceSupport\
startup\arm\startup_SWM320.s
   Uses
      At line 31 in file ..\..\SWM320_StdPeriph_Driver\CSL\CMSIS\DeviceSupport\
startup\arm\startup_SWM320.s
Comment: Stack_Size used once
__Vectors_Size 00000148

Symbol: __Vectors_Size
   Definitions
      At line 143 in file ..\..\SWM320_StdPeriph_Driver\CSL\CMSIS\DeviceSupport
\startup\arm\startup_SWM320.s
   Uses
      At line 54 in file ..\..\SWM320_StdPeriph_Driver\CSL\CMSIS\DeviceSupport\
startup\arm\startup_SWM320.s
Comment: __Vectors_Size used once
3 symbols



ARM Macro Assembler    Page 1 Alphabetic symbol ordering
External symbols

__main 00000000

Symbol: __main
   Definitions
      At line 152 in file ..\..\SWM320_StdPeriph_Driver\CSL\CMSIS\DeviceSupport
\startup\arm\startup_SWM320.s
   Uses
      At line 153 in file ..\..\SWM320_StdPeriph_Driver\CSL\CMSIS\DeviceSupport
\startup\arm\startup_SWM320.s
Comment: __main used once
1 symbol
424 symbols in table
